{
  "RSpec": {
    "coverage": {
      "/Users/koombea/Documents/List_to_do/config/environment.rb": [
        null,
        1,
        null,
        null,
        1
      ],
      "/Users/koombea/Documents/List_to_do/config/application.rb": [
        1,
        null,
        null,
        1,
        1,
        1,
        1,
        1,
        null,
        null,
        1,
        null,
        1,
        null,
        null,
        null,
        null,
        1,
        1,
        null,
        null,
        null,
        null,
        null,
        null,
        null,
        null,
        null,
        null,
        null,
        null,
        null,
        null,
        null,
        null,
        null,
        null,
        null,
        null,
        null,
        null,
        null,
        1,
        null,
        null,
        1,
        null,
        null,
        1,
        null,
        null,
        null,
        null,
        null,
        null,
        null,
        null,
        null,
        null,
        1,
        null,
        null,
        1,
        null,
        null,
        1,
        null,
        null
      ],
      "/Users/koombea/Documents/List_to_do/config/boot.rb": [
        1,
        null,
        null,
        1,
        null,
        1
      ],
      "/Users/koombea/Documents/List_to_do/config/environments/test.rb": [
        1,
        null,
        null,
        null,
        null,
        null,
        null,
        1,
        null,
        null,
        1,
        1,
        null,
        null,
        1,
        null,
        null,
        1,
        1,
        null,
        null,
        1,
        null,
        null,
        1,
        null,
        null,
        null,
        null,
        1,
        null,
        null,
        1,
        null,
        null,
        1,
        null
      ],
      "/Users/koombea/Documents/List_to_do/config/initializers/backtrace_silencers.rb": [
        null,
        null,
        null,
        null,
        null,
        null,
        null
      ],
      "/Users/koombea/Documents/List_to_do/config/initializers/inflections.rb": [
        null,
        null,
        null,
        null,
        null,
        null,
        null,
        null,
        null,
        null,
        null,
        null,
        null,
        null,
        null
      ],
      "/Users/koombea/Documents/List_to_do/config/initializers/mime_types.rb": [
        null,
        null,
        null,
        null,
        null
      ],
      "/Users/koombea/Documents/List_to_do/config/initializers/secret_token.rb": [
        null,
        null,
        null,
        null,
        null,
        null,
        1
      ],
      "/Users/koombea/Documents/List_to_do/config/initializers/session_store.rb": [
        null,
        null,
        1,
        null,
        null,
        null,
        null,
        null
      ],
      "/Users/koombea/Documents/List_to_do/config/initializers/wrap_parameters.rb": [
        null,
        null,
        null,
        null,
        null,
        null,
        1,
        1,
        null,
        null,
        null,
        1,
        1,
        null
      ],
      "/Users/koombea/Documents/List_to_do/app/controllers/application_controller.rb": [
        1,
        1,
        null
      ],
      "/Users/koombea/Documents/List_to_do/app/helpers/application_helper.rb": [
        1,
        null
      ],
      "/Users/koombea/Documents/List_to_do/app/helpers/lists_helper.rb": [
        1,
        null
      ],
      "/Users/koombea/Documents/List_to_do/app/helpers/tasks_helper.rb": [
        1,
        null
      ],
      "/Users/koombea/Documents/List_to_do/app/helpers/widgets_helper.rb": [
        1,
        null
      ],
      "/Users/koombea/Documents/List_to_do/app/controllers/lists_controller.rb": [
        1,
        1,
        1,
        null,
        null,
        1,
        3,
        3,
        2,
        null,
        1,
        1,
        null,
        null,
        null,
        1,
        1,
        1,
        1,
        null,
        null,
        null,
        1,
        1,
        1,
        1,
        null,
        null,
        null,
        1,
        1,
        null,
        null,
        1,
        2,
        2,
        1,
        null,
        1,
        1,
        null,
        null,
        null,
        1,
        1,
        1,
        1,
        1,
        2,
        null,
        null,
        null,
        null
      ],
      "/Users/koombea/Documents/List_to_do/app/models/list.rb": [
        1,
        1,
        1,
        1,
        null
      ],
      "/Users/koombea/Documents/List_to_do/app/controllers/tasks_controller.rb": [
        1,
        1,
        null,
        1,
        3,
        3,
        2,
        4,
        null,
        null,
        1,
        2,
        null,
        null,
        null,
        null,
        1,
        1,
        1,
        1,
        2,
        null,
        null,
        null,
        null,
        1,
        0,
        0,
        0,
        0,
        null,
        null,
        1,
        null,
        1,
        4,
        null,
        null,
        null
      ],
      "/Users/koombea/Documents/List_to_do/app/models/task.rb": [
        1,
        1,
        1,
        1,
        1,
        1,
        null
      ],
      "/Users/koombea/Documents/List_to_do/spec/factories.rb": [
        1,
        null,
        1,
        1,
        null,
        1,
        1,
        null,
        null,
        null,
        1,
        1,
        1,
        1,
        null,
        1,
        1,
        1,
        null,
        null,
        null,
        null
      ],
      "/Users/koombea/Documents/List_to_do/config/routes.rb": [
        1,
        null,
        1,
        1,
        null,
        null,
        1,
        null,
        1,
        null,
        null
      ],
      "/Users/koombea/Documents/List_to_do/spec/controllers/tasks_controller_spec.rb": [
        1,
        null,
        1,
        1,
        1,
        null,
        null,
        1,
        1,
        1,
        null,
        null,
        null,
        2,
        null,
        1,
        1,
        null,
        null,
        1,
        1,
        1,
        null,
        null,
        null,
        2,
        1,
        1,
        null,
        null,
        1,
        1,
        null,
        null,
        null,
        1,
        1,
        1,
        2,
        1,
        1,
        null,
        null
      ],
      "/Users/koombea/Documents/List_to_do/spec/models/list_spec.rb": [
        1,
        null,
        1,
        2,
        2,
        null
      ],
      "/Users/koombea/Documents/List_to_do/spec/models/task_spec.rb": [
        1,
        null,
        1,
        2,
        2,
        2,
        null
      ],
      "/Users/koombea/Documents/List_to_do/spec/routing/routes_spec.rb": [
        1,
        null,
        1,
        null,
        1,
        1,
        null,
        null,
        null
      ]
    },
    "timestamp": 1354734109
  }
}
